<?xml version="1.0" encoding="UTF-8"?>
<!-- Generated by org.testng.reporters.JUnitReportReporter -->
<testsuite skipped="2" hostname="DESKTOP-U3PMRBE" name="GT.GT.AccountPageTest" tests="16" failures="0" timestamp="2019-11-01T15:59:10 IST" time="441.417" errors="0">
  <testcase name="verifyAllTabsAreDisplayedOnMyAccountPage" time="20.013" classname="GT.GT.AccountPageTest"/>
  <testcase name="verifyAddSubAccountFunctionalityInSubAccountsTab" time="25.070" classname="GT.GT.AccountPageTest"/>
  <testcase name="verifyAddAccountManagerFunctionalityByGivingNonRegisteredNumberInAccountManagersTab" time="21.318" classname="GT.GT.AccountPageTest"/>
  <testcase name="verifyAccountManagerFunctionalityInAccountManagersTab" time="41.300" classname="GT.GT.AccountPageTest"/>
  <testcase name="verifyRechargeWithPaytm" time="21.222" classname="GT.GT.AccountPageTest"/>
  <testcase name="verifyAddSubAccountFunctionalityWithAlreadyExistedSubAccount" time="20.888" classname="GT.GT.AccountPageTest"/>
  <testcase name="verifyTheCountOfAccountManagersInAccountManagersTab" time="25.394" classname="GT.GT.AccountPageTest"/>
  <testcase name="verifyEditUserProfile" time="42.511" classname="GT.GT.AccountPageTest"/>
  <testcase name="verifyAddBalanceFunctionalityToExistingSubAccountInSubAccountsTab" time="24.944" classname="GT.GT.AccountPageTest"/>
  <testcase name="checkAccountDetails" time="21.340" classname="GT.GT.AccountPageTest"/>
  <testcase name="verifyTotalAmountUsedByUser" time="83.792" classname="GT.GT.AccountPageTest"/>
  <testcase name="verifyPromocode" time="22.539" classname="GT.GT.AccountPageTest"/>
  <testcase name="verifyAddSubAccountFunctionalityByGivingNonRegisteredNumberInSubAccountsTab" time="20.833" classname="GT.GT.AccountPageTest"/>
  <testcase name="verifyConfigureClipsFunctionalityOnProfilePage" time="50.253" classname="GT.GT.AccountPageTest"/>
  <testcase name="verifycallManagerFunctionalityInAccountManagersTab" classname="GT.GT.AccountPageTest">
    <skipped/>
  </testcase> <!-- verifycallManagerFunctionalityInAccountManagersTab -->
  <testcase name="verifyAddSubAccountFunctionalityWhenSelectPoolAsSubAccountType" classname="GT.GT.AccountPageTest">
    <skipped/>
  </testcase> <!-- verifyAddSubAccountFunctionalityWhenSelectPoolAsSubAccountType -->
</testsuite> <!-- GT.GT.AccountPageTest -->
