<?xml version="1.0" encoding="UTF-8"?>
<!-- Generated by org.testng.reporters.JUnitReportReporter -->
<testsuite skipped="0" hostname="DESKTOP-U3PMRBE" name="GT.GT.CreateAndCallGroupTest" tests="1" failures="0" timestamp="2019-12-11T16:14:15 IST" time="63.882" errors="0">
  <testcase name="verifyHandRaiseForMultipleParticipants" time="63.882" classname="GT.GT.CreateAndCallGroupTest"/>
</testsuite> <!-- GT.GT.CreateAndCallGroupTest -->
