<?xml version="1.0" encoding="UTF-8"?>
<!-- Generated by org.testng.reporters.JUnitReportReporter -->
<testsuite skipped="1" hostname="DESKTOP-U3PMRBE" name="GT.GT.RestApiTest" tests="2" failures="0" timestamp="2019-11-19T10:47:28 IST" time="186.958" errors="0">
  <testcase name="verifyCallFunctionality" time="186.958" classname="GT.GT.RestApiTest"/>
  <testcase name="verifyCallFunctionalityFromCreateGroupTalkPageByCreatingNewGroup" classname="GT.GT.RestApiTest">
    <skipped/>
  </testcase> <!-- verifyCallFunctionalityFromCreateGroupTalkPageByCreatingNewGroup -->
</testsuite> <!-- GT.GT.RestApiTest -->
