<?xml version="1.0" encoding="UTF-8"?>
<!-- Generated by org.testng.reporters.JUnitReportReporter -->
<testsuite skipped="0" hostname="DESKTOP-U3PMRBE" name="GT.GT.ContactsPageTest" tests="5" failures="0" timestamp="2019-11-11T11:37:10 IST" time="237.545" errors="0">
  <testcase name="verifyDeleteListFromContactsPage" time="44.234" classname="GT.GT.ContactsPageTest"/>
  <testcase name="verifyCreateListFromExcelUpload" time="55.382" classname="GT.GT.ContactsPageTest"/>
  <testcase name="verifyAddContactsFromAddContactsTabOnOverlay" time="45.749" classname="GT.GT.ContactsPageTest"/>
  <testcase name="verifyAddContactsFromMobileContactsTabOnOverlay" time="48.413" classname="GT.GT.ContactsPageTest"/>
  <testcase name="verifyCreateListFromContactsPageUsingPlusSymbol" time="43.767" classname="GT.GT.ContactsPageTest"/>
</testsuite> <!-- GT.GT.ContactsPageTest -->
