<?xml version="1.0" encoding="UTF-8"?>
<!-- Generated by org.testng.reporters.JUnitReportReporter -->
<testsuite skipped="0" hostname="DESKTOP-U3PMRBE" name="GT.GT.CreateAndCallGroupTest" tests="1" failures="0" timestamp="2019-11-04T14:50:30 IST" time="24.036" errors="0">
  <testcase name="verifyfunctionalityOfExcelReportDownloadOptionOnHistory" time="24.036" classname="GT.GT.CreateAndCallGroupTest"/>
</testsuite> <!-- GT.GT.CreateAndCallGroupTest -->
