<?xml version="1.0" encoding="UTF-8"?>
<!-- Generated by org.testng.reporters.JUnitReportReporter -->
<testsuite skipped="0" hostname="DESKTOP-U3PMRBE" name="GT.GT.ContactsPageTest" tests="5" failures="0" timestamp="2019-11-08T13:34:44 IST" time="234.265" errors="0">
  <testcase name="verifyDeleteListFromContactsPage" time="44.101" classname="GT.GT.ContactsPageTest"/>
  <testcase name="verifyCreateListFromExcelUpload" time="55.261" classname="GT.GT.ContactsPageTest"/>
  <testcase name="verifyAddContactsFromAddContactsTabOnOverlay" time="46.080" classname="GT.GT.ContactsPageTest"/>
  <testcase name="verifyAddContactsFromMobileContactsTabOnOverlay" time="46.845" classname="GT.GT.ContactsPageTest"/>
  <testcase name="verifyCreateListFromContactsPageUsingPlusSymbol" time="41.978" classname="GT.GT.ContactsPageTest"/>
</testsuite> <!-- GT.GT.ContactsPageTest -->
