<?xml version="1.0" encoding="UTF-8"?>
<!-- Generated by org.testng.reporters.JUnitReportReporter -->
<testsuite skipped="0" hostname="DESKTOP-U3PMRBE" name="GT.GT.CreateAndCallGroupTest" tests="1" failures="0" timestamp="2019-10-29T12:41:04 IST" time="184.046" errors="0">
  <testcase name="verifyMuteAndUnmuteFunctionalityInLiveCallWhenParticipantsAreInPrivateRoom" time="184.046" classname="GT.GT.CreateAndCallGroupTest"/>
</testsuite> <!-- GT.GT.CreateAndCallGroupTest -->
