<?xml version="1.0" encoding="UTF-8"?>
<!-- Generated by org.testng.reporters.JUnitReportReporter -->
<testsuite skipped="2" hostname="DESKTOP-U3PMRBE" name="GT.GT.AccountPageTest" tests="16" failures="0" timestamp="2019-11-08T13:34:44 IST" time="441.086" errors="0">
  <testcase name="verifyAllTabsAreDisplayedOnMyAccountPage" time="20.141" classname="GT.GT.AccountPageTest"/>
  <testcase name="verifyAddSubAccountFunctionalityInSubAccountsTab" time="24.325" classname="GT.GT.AccountPageTest"/>
  <testcase name="verifyAddAccountManagerFunctionalityByGivingNonRegisteredNumberInAccountManagersTab" time="22.184" classname="GT.GT.AccountPageTest"/>
  <testcase name="verifyAccountManagerFunctionalityInAccountManagersTab" time="41.424" classname="GT.GT.AccountPageTest"/>
  <testcase name="verifyRechargeWithPaytm" time="21.913" classname="GT.GT.AccountPageTest"/>
  <testcase name="verifyAddSubAccountFunctionalityWithAlreadyExistedSubAccount" time="20.166" classname="GT.GT.AccountPageTest"/>
  <testcase name="verifyTheCountOfAccountManagersInAccountManagersTab" time="21.740" classname="GT.GT.AccountPageTest"/>
  <testcase name="verifyEditUserProfile" time="42.824" classname="GT.GT.AccountPageTest"/>
  <testcase name="verifyAddBalanceFunctionalityToExistingSubAccountInSubAccountsTab" time="25.598" classname="GT.GT.AccountPageTest"/>
  <testcase name="checkAccountDetails" time="20.343" classname="GT.GT.AccountPageTest"/>
  <testcase name="verifyTotalAmountUsedByUser" time="86.282" classname="GT.GT.AccountPageTest"/>
  <testcase name="verifyPromocode" time="22.136" classname="GT.GT.AccountPageTest"/>
  <testcase name="verifyAddSubAccountFunctionalityByGivingNonRegisteredNumberInSubAccountsTab" time="21.312" classname="GT.GT.AccountPageTest"/>
  <testcase name="verifyConfigureClipsFunctionalityOnProfilePage" time="50.698" classname="GT.GT.AccountPageTest"/>
  <testcase name="verifycallManagerFunctionalityInAccountManagersTab" classname="GT.GT.AccountPageTest">
    <skipped/>
  </testcase> <!-- verifycallManagerFunctionalityInAccountManagersTab -->
  <testcase name="verifyAddSubAccountFunctionalityWhenSelectPoolAsSubAccountType" classname="GT.GT.AccountPageTest">
    <skipped/>
  </testcase> <!-- verifyAddSubAccountFunctionalityWhenSelectPoolAsSubAccountType -->
</testsuite> <!-- GT.GT.AccountPageTest -->
