<?xml version="1.0" encoding="UTF-8"?>
<!-- Generated by org.testng.reporters.JUnitReportReporter -->
<testsuite skipped="0" hostname="DESKTOP-U3PMRBE" name="GT.GT.ContactsPageTest" tests="12" failures="0" timestamp="2019-12-06T19:21:02 IST" time="640.744" errors="0">
  <testcase name="verifyAddContactsFromMobileContactsTabOnOverlay" time="54.213" classname="GT.GT.ContactsPageTest"/>
  <testcase name="verifyAddContactsFromAddContactsTabOnOverlay" time="54.238" classname="GT.GT.ContactsPageTest"/>
  <testcase name="verifyAddContactsFromWebListsTabOnOverlay" time="57.356" classname="GT.GT.ContactsPageTest"/>
  <testcase name="verifyCreateListFromExcelUpload" time="63.183" classname="GT.GT.ContactsPageTest"/>
  <testcase name="verifyDeleteAddedContactsFromAddContactsTabOnOverlay" time="46.738" classname="GT.GT.ContactsPageTest"/>
  <testcase name="verifyCreateListFromContactsPage" time="50.353" classname="GT.GT.ContactsPageTest"/>
  <testcase name="verifyAddduplicateContactsFromAddContactsTabOnOverlay" time="77.114" classname="GT.GT.ContactsPageTest"/>
  <testcase name="verifySwitchingBetweenPhoneContactsAndWeblist" time="34.448" classname="GT.GT.ContactsPageTest"/>
  <testcase name="verifyCreateListFromContactsPageUsingPlusSymbol" time="49.749" classname="GT.GT.ContactsPageTest"/>
  <testcase name="verifyCreateListFromExcelUploadviaedit" time="45.764" classname="GT.GT.ContactsPageTest"/>
  <testcase name="verifyDeleteListFromContactsPage" time="54.335" classname="GT.GT.ContactsPageTest"/>
  <testcase name="verifyReNameListFromContactsPage" time="53.253" classname="GT.GT.ContactsPageTest"/>
</testsuite> <!-- GT.GT.ContactsPageTest -->
